<?xml version="1.0" encoding="UTF-8"?>
<testng-results ignored="0" total="2" passed="2" failed="0" skipped="0">
  <reporter-output>
  </reporter-output>
  <suite started-at="2023-05-02T09:44:14 IST" name="ParallelExecution" finished-at="2023-05-02T09:44:43 IST" duration-ms="28941">
    <groups>
    </groups>
    <test started-at="2023-05-02T09:44:14 IST" name="ChromeTest" finished-at="2023-05-02T09:44:43 IST" duration-ms="28778">
      <class name="firstJava.crossBr">
        <test-method is-config="true" signature="setup(java.lang.String)[pri:0, instance:firstJava.crossBr@3f6f6701]" started-at="2023-05-02T09:44:14 IST" name="setup" finished-at="2023-05-02T09:44:17 IST" duration-ms="3210" status="PASS">
          <params>
            <param index="0">
              <value>
                <![CDATA[chrome]]>
              </value>
            </param>
          </params>
          <reporter-output>
          </reporter-output>
        </test-method> <!-- setup -->
        <test-method signature="petStoreTC1()[pri:0, instance:firstJava.crossBr@3f6f6701]" started-at="2023-05-02T09:44:17 IST" name="petStoreTC1" finished-at="2023-05-02T09:44:43 IST" duration-ms="25504" status="PASS">
          <reporter-output>
          </reporter-output>
        </test-method> <!-- petStoreTC1 -->
      </class> <!-- firstJava.crossBr -->
    </test> <!-- ChromeTest -->
    <test started-at="2023-05-02T09:44:14 IST" name="EdgeTest" finished-at="2023-05-02T09:44:43 IST" duration-ms="28941">
      <class name="firstJava.crossBr">
        <test-method is-config="true" signature="setup(java.lang.String)[pri:0, instance:firstJava.crossBr@2e385cce]" started-at="2023-05-02T09:44:14 IST" name="setup" finished-at="2023-05-02T09:44:17 IST" duration-ms="3210" status="PASS">
          <params>
            <param index="0">
              <value>
                <![CDATA[edge]]>
              </value>
            </param>
          </params>
          <reporter-output>
          </reporter-output>
        </test-method> <!-- setup -->
        <test-method signature="petStoreTC1()[pri:0, instance:firstJava.crossBr@2e385cce]" started-at="2023-05-02T09:44:17 IST" name="petStoreTC1" finished-at="2023-05-02T09:44:43 IST" duration-ms="25674" status="PASS">
          <reporter-output>
          </reporter-output>
        </test-method> <!-- petStoreTC1 -->
      </class> <!-- firstJava.crossBr -->
    </test> <!-- EdgeTest -->
  </suite> <!-- ParallelExecution -->
</testng-results>
